<?xml version="1.0" encoding="UTF-8"?>
<!-- Generated by org.testng.reporters.JUnitReportReporter -->
<testsuite skipped="0" hostname="XKL-0329" name="com.qa.lazada.tests.PaymentSelectionPageTest" tests="1" failures="0" timestamp="2020-03-10T11:55:30 SGT" time="0.262" errors="0">
  <testcase name="verifyFullFlowTest" time="0.262" classname="com.qa.lazada.tests.PaymentSelectionPageTest"/>
</testsuite> <!-- com.qa.lazada.tests.PaymentSelectionPageTest -->
