<?xml version="1.0" encoding="UTF-8"?>
<!-- Generated by org.testng.reporters.JUnitReportReporter -->
<testsuite skipped="0" hostname="XKL-0329" name="com.qa.lazada.tests.EndToEndPurchaseTest" tests="5" failures="0" timestamp="2020-03-10T18:39:51 SGT" time="64.340" errors="0">
  <testcase name="verifyLoginPageTitleTest" time="0.755" classname="com.qa.lazada.tests.EndToEndPurchaseTest"/>
  <testcase name="verifyProfilePageTitleTest" time="24.780" classname="com.qa.lazada.tests.EndToEndPurchaseTest"/>
  <testcase name="verifyhomePageTitle" time="5.067" classname="com.qa.lazada.tests.EndToEndPurchaseTest"/>
  <testcase name="verifyProductPageTitle" time="20.713" classname="com.qa.lazada.tests.EndToEndPurchaseTest"/>
  <testcase name="verifyCheckoutPageTitle" time="13.025" classname="com.qa.lazada.tests.EndToEndPurchaseTest"/>
</testsuite> <!-- com.qa.lazada.tests.EndToEndPurchaseTest -->
