<?xml version="1.0" encoding="UTF-8"?>
<!-- Generated by org.testng.reporters.JUnitReportReporter -->
<testsuite skipped="0" hostname="XKL-0329" name="com.qa.lazada.tests.EndToEndPurchaseTest2" tests="1" failures="0" timestamp="2020-03-10T18:13:56 SGT" time="76.164" errors="0">
  <testcase name="verifyLoginPageTitleTest" time="76.164" classname="com.qa.lazada.tests.EndToEndPurchaseTest2"/>
</testsuite> <!-- com.qa.lazada.tests.EndToEndPurchaseTest2 -->
