<?xml version="1.0" encoding="UTF-8"?>
<!-- Generated by org.testng.reporters.JUnitReportReporter -->
<testsuite skipped="0" hostname="LAPTOP-B42SM0L4" name="com.qa.lazada.tests.EndToEndPurchaseTest" tests="5" failures="0" timestamp="2020-03-30T13:59:53 SGT" time="39.091" errors="0">
  <testcase name="verifyLoginPageTitleTest" time="0.303" classname="com.qa.lazada.tests.EndToEndPurchaseTest"/>
  <system-out/>
  <testcase name="verifyProfilePageTitleTest" time="25.227" classname="com.qa.lazada.tests.EndToEndPurchaseTest"/>
  <system-out/>
  <testcase name="verifyhomePageTitle" time="1.732" classname="com.qa.lazada.tests.EndToEndPurchaseTest"/>
  <system-out/>
  <testcase name="verifyProductPageTitle" time="8.598" classname="com.qa.lazada.tests.EndToEndPurchaseTest"/>
  <system-out/>
  <testcase name="verifyCheckoutPageTitle" time="3.231" classname="com.qa.lazada.tests.EndToEndPurchaseTest"/>
  <system-out/>
</testsuite> <!-- com.qa.lazada.tests.EndToEndPurchaseTest -->
