<?xml version="1.0" encoding="UTF-8"?>
<!-- Generated by org.testng.reporters.JUnitReportReporter -->
<testsuite skipped="0" hostname="XKL-0329" name="com.qa.lazada.tests.CheckoutPageTest" tests="1" failures="0" timestamp="2020-03-10T14:22:49 SGT" time="2.478" errors="0">
  <testcase name="verifyCheckoutPageTitle" time="2.478" classname="com.qa.lazada.tests.CheckoutPageTest"/>
</testsuite> <!-- com.qa.lazada.tests.CheckoutPageTest -->
