<?xml version="1.0" encoding="UTF-8"?>
<!-- Generated by org.testng.reporters.JUnitReportReporter -->
<testsuite skipped="0" hostname="XKL-0329" name="com.qa.lazada.tests.ProfilePageTest" tests="1" failures="0" timestamp="2020-03-10T12:36:50 SGT" time="11.453" errors="0">
  <testcase name="verifyProfilePageTitleTest" time="11.453" classname="com.qa.lazada.tests.ProfilePageTest"/>
</testsuite> <!-- com.qa.lazada.tests.ProfilePageTest -->
