<?xml version="1.0" encoding="UTF-8"?>
<!-- Generated by org.testng.reporters.JUnitReportReporter -->
<testsuite skipped="0" hostname="XKL-0329" name="com.qa.lazada.tests.HomePageTest" tests="1" failures="0" timestamp="2020-03-10T12:36:50 SGT" time="1.052" errors="0">
  <testcase name="verifyhomePageTitle" time="1.052" classname="com.qa.lazada.tests.HomePageTest"/>
</testsuite> <!-- com.qa.lazada.tests.HomePageTest -->
