<?xml version="1.0" encoding="UTF-8"?>
<!-- Generated by org.testng.reporters.JUnitReportReporter -->
<testsuite skipped="1" hostname="XKL-0329" name="com.qa.hubspot.tests.LoginPageTest" tests="4" failures="0" timestamp="2020-03-09T13:30:07 SGT" time="12.993" errors="0">
  <testcase name="verifyLoginPageTitleTest" time="7.228" classname="com.qa.hubspot.tests.LoginPageTest"/>
  <testcase name="verifySignUpLinkTest" time="0.808" classname="com.qa.hubspot.tests.LoginPageTest"/>
  <testcase name="loginTest" time="4.957" classname="com.qa.hubspot.tests.LoginPageTest"/>
  <testcase name="login_InvalidTestCases" classname="com.qa.hubspot.tests.LoginPageTest">
    <skipped/>
  </testcase> <!-- login_InvalidTestCases -->
</testsuite> <!-- com.qa.hubspot.tests.LoginPageTest -->
